<?xml version="1.0" encoding="UTF-8"?>
<!-- Generated by org.testng.reporters.JUnitReportReporter -->
<testsuite hostname="utyfdfrthby08s-MacBook-Air.local" failures="0" tests="6" name="test.day3" time="0.030" errors="0" timestamp="2019-08-28T00:38:27 EEST" skipped="1">
  <testcase classname="test.day3" name="MobilesignoutcarLoan" time="0.006"/>
  <testcase classname="test.day3" name="MobilesignoutcarLoan" time="0.006"/>
  <testcase classname="test.day3" name="WebloginCarLoan" time="0.005"/>
  <testcase classname="test.day3" name="MobileLogincarLoan" time="0.004"/>
  <testcase classname="test.day3" name="MobilesignoutcarLoan" time="0.009"/>
  <testcase classname="test.day3" name="MobilesignimcarLoan">
    <skipped/>
  </testcase> <!-- MobilesignimcarLoan -->
</testsuite> <!-- test.day3 -->
