<?xml version="1.0" encoding="UTF-8"?>
<!-- Generated by org.testng.reporters.JUnitReportReporter -->
<testsuite hostname="utyfdfrthby08s-MacBook-Air.local" failures="0" tests="3" name="test.day4" time="0.011" errors="0" timestamp="2019-08-28T00:38:27 EEST" skipped="0">
  <testcase classname="test.day4" name="LoginAPIHomeLoan" time="0.004"/>
  <testcase classname="test.day4" name="WebloginHomeLoan" time="0.005"/>
  <testcase classname="test.day4" name="MobileLoginHomeLoan" time="0.002"/>
</testsuite> <!-- test.day4 -->
