<?xml version="1.0" encoding="UTF-8"?>
<!-- Generated by org.testng.reporters.JUnitReportReporter -->
<testsuite hostname="utyfdfrthby08s-MacBook-Air.local" failures="0" tests="1" name="test.TestBase" time="0.001" errors="0" timestamp="2019-08-28T00:38:27 EEST" skipped="0">
  <testcase classname="test.TestBase" name="ploan" time="0.001"/>
</testsuite> <!-- test.TestBase -->
