<?xml version="1.0" encoding="UTF-8"?>
<!-- Generated by org.testng.reporters.JUnitReportReporter -->
<testsuite hostname="DESKTOP-KRNCFTL" failures="0" tests="2" name="qaclickacademy.SeleniumTest" time="0.011" errors="0" timestamp="2019-08-31T13:41:00 EEST" skipped="0">
  <testcase classname="qaclickacademy.SeleniumTest" name="elementsUi" time="0.001"/>
  <testcase classname="qaclickacademy.SeleniumTest" name="BrowserAUtomation" time="0.010"/>
</testsuite> <!-- qaclickacademy.SeleniumTest -->
